C:\Users\karth\Source\Repos\KarthikeyanS83\Angular_Demo1\Demo1\Demo1\src\app\app.component.js
C:\Users\karth\Source\Repos\KarthikeyanS83\Angular_Demo1\Demo1\Demo1\src\app\app.component.js.map
C:\Users\karth\Source\Repos\KarthikeyanS83\Angular_Demo1\Demo1\Demo1\src\app\Assignment1\carBrand\carBrand.component.js
C:\Users\karth\Source\Repos\KarthikeyanS83\Angular_Demo1\Demo1\Demo1\src\app\Assignment1\carBrand\carBrand.component.js.map
C:\Users\karth\Source\Repos\KarthikeyanS83\Angular_Demo1\Demo1\Demo1\src\app\Assignment1\carBodyType\carBodyType.component.js
C:\Users\karth\Source\Repos\KarthikeyanS83\Angular_Demo1\Demo1\Demo1\src\app\Assignment1\carBodyType\carBodyType.component.js.map
C:\Users\karth\Source\Repos\KarthikeyanS83\Angular_Demo1\Demo1\Demo1\src\app\Assignment1\FuelType\fuelType.component.js
C:\Users\karth\Source\Repos\KarthikeyanS83\Angular_Demo1\Demo1\Demo1\src\app\Assignment1\FuelType\fuelType.component.js.map
C:\Users\karth\Source\Repos\KarthikeyanS83\Angular_Demo1\Demo1\Demo1\src\app\Assignment2\Imytime.js
C:\Users\karth\Source\Repos\KarthikeyanS83\Angular_Demo1\Demo1\Demo1\src\app\Assignment2\Imytime.js.map
C:\Users\karth\Source\Repos\KarthikeyanS83\Angular_Demo1\Demo1\Demo1\src\app\Assignment2\interfacepgm.component.js
C:\Users\karth\Source\Repos\KarthikeyanS83\Angular_Demo1\Demo1\Demo1\src\app\Assignment2\interfacepgm.component.js.map
C:\Users\karth\Source\Repos\KarthikeyanS83\Angular_Demo1\Demo1\Demo1\src\app\Assignment3\dayofweek.component.js
C:\Users\karth\Source\Repos\KarthikeyanS83\Angular_Demo1\Demo1\Demo1\src\app\Assignment3\dayofweek.component.js.map
C:\Users\karth\Source\Repos\KarthikeyanS83\Angular_Demo1\Demo1\Demo1\src\app\app.module.js
C:\Users\karth\Source\Repos\KarthikeyanS83\Angular_Demo1\Demo1\Demo1\src\app\app.module.js.map
C:\Users\karth\Source\Repos\KarthikeyanS83\Angular_Demo1\Demo1\Demo1\src\main.js
C:\Users\karth\Source\Repos\KarthikeyanS83\Angular_Demo1\Demo1\Demo1\src\main.js.map
C:\Users\karth\Source\Repos\KarthikeyanS83\Angular_Demo1\Demo1\Demo1\src\app\app.component.spec.js
C:\Users\karth\Source\Repos\KarthikeyanS83\Angular_Demo1\Demo1\Demo1\src\app\app.component.spec.js.map
